# JRE version: OpenJDK Runtime Environment (11.0.11+9) (build 11.0.11+9-b60-7590822)
# Java VM: OpenJDK 64-Bit Server VM (11.0.11+9-b60-7590822, mixed mode, tiered, compressed oops, g1 gc, windows-amd64)
Heap:
 garbage-first heap   total 505856K, used 263168K [0x0000000080000000, 0x0000000100000000)
  region size 1024K, 4 young (4096K), 4 survivors (4096K)
 Metaspace       used 147063K, capacity 150789K, committed 151024K, reserved 1181696K
  class space    used 18475K, capacity 19886K, committed 19968K, reserved 1048576K
GC Heap History (20 events):
Event: 120.339 GC heap after
{Heap after GC invocations=64 (full 0):
 garbage-first heap   total 227328K, used 154222K [0x0000000080000000, 0x0000000100000000)
  region size 1024K, 2 young (2048K), 2 survivors (2048K)
 Metaspace       used 133857K, capacity 137100K, committed 137328K, reserved 1169408K
  class space    used 16613K, capacity 17784K, committed 17792K, reserved 1048576K
}
Event: 120.457 GC heap before
{Heap before GC invocations=64 (full 0):
 garbage-first heap   total 227328K, used 181870K [0x0000000080000000, 0x0000000100000000)
  region size 1024K, 29 young (29696K), 2 survivors (2048K)
 Metaspace       used 134281K, capacity 137516K, committed 137712K, reserved 1169408K
  class space    used 16636K, capacity 17816K, committed 17920K, reserved 1048576K
}
Event: 120.461 GC heap after
{Heap after GC invocations=65 (full 0):
 garbage-first heap   total 227328K, used 155148K [0x0000000080000000, 0x0000000100000000)
  region size 1024K, 3 young (3072K), 3 survivors (3072K)
 Metaspace       used 134281K, capacity 137516K, committed 137712K, reserved 1169408K
  class space    used 16636K, capacity 17816K, committed 17920K, reserved 1048576K
}
Event: 120.645 GC heap before
{Heap before GC invocations=65 (full 0):
 garbage-first heap   total 227328K, used 182796K [0x0000000080000000, 0x0000000100000000)
  region size 1024K, 30 young (30720K), 3 survivors (3072K)
 Metaspace       used 134775K, capacity 138060K, committed 138224K, reserved 1169408K
  class space    used 16672K, capacity 17848K, committed 17920K, reserved 1048576K
}
Event: 120.649 GC heap after
{Heap after GC invocations=66 (full 0):
 garbage-first heap   total 273408K, used 154902K [0x0000000080000000, 0x0000000100000000)
  region size 1024K, 2 young (2048K), 2 survivors (2048K)
 Metaspace       used 134775K, capacity 138060K, committed 138224K, reserved 1169408K
  class space    used 16672K, capacity 17848K, committed 17920K, reserved 1048576K
}
Event: 121.337 GC heap before
{Heap before GC invocations=66 (full 0):
 garbage-first heap   total 273408K, used 198934K [0x0000000080000000, 0x0000000100000000)
  region size 1024K, 46 young (47104K), 2 survivors (2048K)
 Metaspace       used 136368K, capacity 139695K, committed 140016K, reserved 1171456K
  class space    used 16848K, capacity 18092K, committed 18176K, reserved 1048576K
}
Event: 121.345 GC heap after
{Heap after GC invocations=67 (full 0):
 garbage-first heap   total 273408K, used 158125K [0x0000000080000000, 0x0000000100000000)
  region size 1024K, 5 young (5120K), 5 survivors (5120K)
 Metaspace       used 136368K, capacity 139695K, committed 140016K, reserved 1171456K
  class space    used 16848K, capacity 18092K, committed 18176K, reserved 1048576K
}
Event: 121.829 GC heap before
{Heap before GC invocations=67 (full 0):
 garbage-first heap   total 273408K, used 203181K [0x0000000080000000, 0x0000000100000000)
  region size 1024K, 50 young (51200K), 5 survivors (5120K)
 Metaspace       used 137726K, capacity 141101K, committed 141424K, reserved 1173504K
  class space    used 17001K, capacity 18221K, committed 18304K, reserved 1048576K
}
Event: 121.839 GC heap after
{Heap after GC invocations=68 (full 0):
 garbage-first heap   total 273408K, used 160410K [0x0000000080000000, 0x0000000100000000)
  region size 1024K, 6 young (6144K), 6 survivors (6144K)
 Metaspace       used 137726K, capacity 141101K, committed 141424K, reserved 1173504K
  class space    used 17001K, capacity 18221K, committed 18304K, reserved 1048576K
}
Event: 122.214 GC heap before
{Heap before GC invocations=68 (full 0):
 garbage-first heap   total 273408K, used 207514K [0x0000000080000000, 0x0000000100000000)
  region size 1024K, 53 young (54272K), 6 survivors (6144K)
 Metaspace       used 138266K, capacity 141562K, committed 141680K, reserved 1173504K
  class space    used 17051K, capacity 18269K, committed 18304K, reserved 1048576K
}
Event: 122.224 GC heap after
{Heap after GC invocations=69 (full 0):
 garbage-first heap   total 273408K, used 165269K [0x0000000080000000, 0x0000000100000000)
  region size 1024K, 7 young (7168K), 7 survivors (7168K)
 Metaspace       used 138266K, capacity 141562K, committed 141680K, reserved 1173504K
  class space    used 17051K, capacity 18269K, committed 18304K, reserved 1048576K
}
Event: 122.902 GC heap before
{Heap before GC invocations=69 (full 0):
 garbage-first heap   total 273408K, used 216469K [0x0000000080000000, 0x0000000100000000)
  region size 1024K, 54 young (55296K), 7 survivors (7168K)
 Metaspace       used 145052K, capacity 148710K, committed 148848K, reserved 1179648K
  class space    used 18135K, capacity 19486K, committed 19584K, reserved 1048576K
}
Event: 122.911 GC heap after
{Heap after GC invocations=70 (full 0):
 garbage-first heap   total 331776K, used 171723K [0x0000000080000000, 0x0000000100000000)
  region size 1024K, 3 young (3072K), 3 survivors (3072K)
 Metaspace       used 145052K, capacity 148710K, committed 148848K, reserved 1179648K
  class space    used 18135K, capacity 19486K, committed 19584K, reserved 1048576K
}
Event: 123.383 GC heap before
{Heap before GC invocations=70 (full 0):
 garbage-first heap   total 331776K, used 269003K [0x0000000080000000, 0x0000000100000000)
  region size 1024K, 71 young (72704K), 3 survivors (3072K)
 Metaspace       used 146748K, capacity 150479K, committed 150768K, reserved 1179648K
  class space    used 18463K, capacity 19879K, committed 19968K, reserved 1048576K
}
Event: 123.412 GC heap after
{Heap after GC invocations=71 (full 0):
 garbage-first heap   total 331776K, used 218386K [0x0000000080000000, 0x0000000100000000)
  region size 1024K, 9 young (9216K), 9 survivors (9216K)
 Metaspace       used 146748K, capacity 150479K, committed 150768K, reserved 1179648K
  class space    used 18463K, capacity 19879K, committed 19968K, reserved 1048576K
}
Event: 123.577 GC heap before
{Heap before GC invocations=71 (full 0):
 garbage-first heap   total 331776K, used 263442K [0x0000000080000000, 0x0000000100000000)
  region size 1024K, 54 young (55296K), 9 survivors (9216K)
 Metaspace       used 146826K, capacity 150612K, committed 150768K, reserved 1179648K
  class space    used 18463K, capacity 19879K, committed 19968K, reserved 1048576K
}
Event: 123.610 GC heap after
{Heap after GC invocations=72 (full 0):
 garbage-first heap   total 331776K, used 242688K [0x0000000080000000, 0x0000000100000000)
  region size 1024K, 7 young (7168K), 7 survivors (7168K)
 Metaspace       used 146826K, capacity 150612K, committed 150768K, reserved 1179648K
  class space    used 18463K, capacity 19879K, committed 19968K, reserved 1048576K
}
Event: 123.706 GC heap before
{Heap before GC invocations=72 (full 0):
 garbage-first heap   total 331776K, used 271360K [0x0000000080000000, 0x0000000100000000)
  region size 1024K, 36 young (36864K), 7 survivors (7168K)
 Metaspace       used 146831K, capacity 150612K, committed 150768K, reserved 1179648K
  class space    used 18463K, capacity 19879K, committed 19968K, reserved 1048576K
}
Event: 123.725 GC heap after
{Heap after GC invocations=73 (full 0):
 garbage-first heap   total 331776K, used 257536K [0x0000000080000000, 0x0000000100000000)
  region size 1024K, 5 young (5120K), 5 survivors (5120K)
 Metaspace       used 146831K, capacity 150612K, committed 150768K, reserved 1179648K
  class space    used 18463K, capacity 19879K, committed 19968K, reserved 1048576K
}
Event: 123.910 GC heap before
{Heap before GC invocations=73 (full 0):
 garbage-first heap   total 331776K, used 278016K [0x0000000080000000, 0x0000000100000000)
  region size 1024K, 25 young (25600K), 5 survivors (5120K)
 Metaspace       used 147063K, capacity 150789K, committed 151024K, reserved 1181696K
  class space    used 18475K, capacity 19886K, committed 19968K, reserved 1048576K
}

