# JRE version: OpenJDK Runtime Environment (11.0.11+9) (build 11.0.11+9-b60-7590822)
# Java VM: OpenJDK 64-Bit Server VM (11.0.11+9-b60-7590822, mixed mode, tiered, compressed oops, g1 gc, windows-amd64)
Heap:
 garbage-first heap   total 157696K, used 57316K [0x0000000080000000, 0x0000000100000000)
  region size 1024K, 31 young (31744K), 3 survivors (3072K)
 Metaspace       used 47588K, capacity 48783K, committed 49052K, reserved 1091584K
  class space    used 6078K, capacity 6536K, committed 6656K, reserved 1048576K
GC Heap History (18 events):
Event: 0.439 GC heap before
{Heap before GC invocations=0 (full 0):
 garbage-first heap   total 131072K, used 19456K [0x0000000080000000, 0x0000000100000000)
  region size 1024K, 14 young (14336K), 0 survivors (0K)
 Metaspace       used 6753K, capacity 6929K, committed 7168K, reserved 1056768K
  class space    used 584K, capacity 650K, committed 768K, reserved 1048576K
}
Event: 0.443 GC heap after
{Heap after GC invocations=1 (full 0):
 garbage-first heap   total 131072K, used 8365K [0x0000000080000000, 0x0000000100000000)
  region size 1024K, 2 young (2048K), 2 survivors (2048K)
 Metaspace       used 6753K, capacity 6929K, committed 7168K, reserved 1056768K
  class space    used 584K, capacity 650K, committed 768K, reserved 1048576K
}
Event: 0.715 GC heap before
{Heap before GC invocations=1 (full 0):
 garbage-first heap   total 131072K, used 19629K [0x0000000080000000, 0x0000000100000000)
  region size 1024K, 13 young (13312K), 2 survivors (2048K)
 Metaspace       used 10320K, capacity 10621K, committed 10880K, reserved 1058816K
  class space    used 1073K, capacity 1139K, committed 1152K, reserved 1048576K
}
Event: 0.718 GC heap after
{Heap after GC invocations=2 (full 0):
 garbage-first heap   total 131072K, used 9550K [0x0000000080000000, 0x0000000100000000)
  region size 1024K, 2 young (2048K), 2 survivors (2048K)
 Metaspace       used 10320K, capacity 10621K, committed 10880K, reserved 1058816K
  class space    used 1073K, capacity 1139K, committed 1152K, reserved 1048576K
}
Event: 1.071 GC heap before
{Heap before GC invocations=2 (full 0):
 garbage-first heap   total 131072K, used 38222K [0x0000000080000000, 0x0000000100000000)
  region size 1024K, 30 young (30720K), 2 survivors (2048K)
 Metaspace       used 11279K, capacity 11512K, committed 11776K, reserved 1060864K
  class space    used 1176K, capacity 1244K, committed 1280K, reserved 1048576K
}
Event: 1.073 GC heap after
{Heap after GC invocations=3 (full 0):
 garbage-first heap   total 131072K, used 12722K [0x0000000080000000, 0x0000000100000000)
  region size 1024K, 4 young (4096K), 4 survivors (4096K)
 Metaspace       used 11279K, capacity 11512K, committed 11776K, reserved 1060864K
  class space    used 1176K, capacity 1244K, committed 1280K, reserved 1048576K
}
Event: 2.131 GC heap before
{Heap before GC invocations=3 (full 0):
 garbage-first heap   total 131072K, used 73138K [0x0000000080000000, 0x0000000100000000)
  region size 1024K, 63 young (64512K), 4 survivors (4096K)
 Metaspace       used 19509K, capacity 20006K, committed 20224K, reserved 1067008K
  class space    used 2379K, capacity 2548K, committed 2560K, reserved 1048576K
}
Event: 2.138 GC heap after
{Heap after GC invocations=4 (full 0):
 garbage-first heap   total 131072K, used 16533K [0x0000000080000000, 0x0000000100000000)
  region size 1024K, 8 young (8192K), 8 survivors (8192K)
 Metaspace       used 19509K, capacity 20006K, committed 20224K, reserved 1067008K
  class space    used 2379K, capacity 2548K, committed 2560K, reserved 1048576K
}
Event: 2.221 GC heap before
{Heap before GC invocations=4 (full 0):
 garbage-first heap   total 131072K, used 24725K [0x0000000080000000, 0x0000000100000000)
  region size 1024K, 17 young (17408K), 8 survivors (8192K)
 Metaspace       used 20691K, capacity 21172K, committed 21296K, reserved 1069056K
  class space    used 2532K, capacity 2660K, committed 2688K, reserved 1048576K
}
Event: 2.229 GC heap after
{Heap after GC invocations=5 (full 0):
 garbage-first heap   total 157696K, used 17587K [0x0000000080000000, 0x0000000100000000)
  region size 1024K, 1 young (1024K), 1 survivors (1024K)
 Metaspace       used 20691K, capacity 21172K, committed 21296K, reserved 1069056K
  class space    used 2532K, capacity 2660K, committed 2688K, reserved 1048576K
}
Event: 2.828 GC heap before
{Heap before GC invocations=6 (full 0):
 garbage-first heap   total 157696K, used 72883K [0x0000000080000000, 0x0000000100000000)
  region size 1024K, 55 young (56320K), 1 survivors (1024K)
 Metaspace       used 26268K, capacity 26870K, committed 27008K, reserved 1073152K
  class space    used 3436K, capacity 3651K, committed 3712K, reserved 1048576K
}
Event: 2.832 GC heap after
{Heap after GC invocations=7 (full 0):
 garbage-first heap   total 157696K, used 19237K [0x0000000080000000, 0x0000000100000000)
  region size 1024K, 3 young (3072K), 3 survivors (3072K)
 Metaspace       used 26268K, capacity 26870K, committed 27008K, reserved 1073152K
  class space    used 3436K, capacity 3651K, committed 3712K, reserved 1048576K
}
Event: 3.911 GC heap before
{Heap before GC invocations=7 (full 0):
 garbage-first heap   total 157696K, used 74533K [0x0000000080000000, 0x0000000100000000)
  region size 1024K, 58 young (59392K), 3 survivors (3072K)
 Metaspace       used 35148K, capacity 35914K, committed 36048K, reserved 1081344K
  class space    used 4557K, capacity 4863K, committed 4864K, reserved 1048576K
}
Event: 3.918 GC heap after
{Heap after GC invocations=8 (full 0):
 garbage-first heap   total 157696K, used 22806K [0x0000000080000000, 0x0000000100000000)
  region size 1024K, 6 young (6144K), 6 survivors (6144K)
 Metaspace       used 35148K, capacity 35914K, committed 36048K, reserved 1081344K
  class space    used 4557K, capacity 4863K, committed 4864K, reserved 1048576K
}
Event: 4.705 GC heap before
{Heap before GC invocations=9 (full 0):
 garbage-first heap   total 157696K, used 90390K [0x0000000080000000, 0x0000000100000000)
  region size 1024K, 70 young (71680K), 6 survivors (6144K)
 Metaspace       used 40179K, capacity 41084K, committed 41244K, reserved 1085440K
  class space    used 5118K, capacity 5472K, committed 5504K, reserved 1048576K
}
Event: 4.716 GC heap after
{Heap after GC invocations=10 (full 0):
 garbage-first heap   total 157696K, used 28313K [0x0000000080000000, 0x0000000100000000)
  region size 1024K, 9 young (9216K), 9 survivors (9216K)
 Metaspace       used 40179K, capacity 41084K, committed 41244K, reserved 1085440K
  class space    used 5118K, capacity 5472K, committed 5504K, reserved 1048576K
}
Event: 5.349 GC heap before
{Heap before GC invocations=10 (full 0):
 garbage-first heap   total 157696K, used 94873K [0x0000000080000000, 0x0000000100000000)
  region size 1024K, 74 young (75776K), 9 survivors (9216K)
 Metaspace       used 46128K, capacity 47275K, committed 47516K, reserved 1091584K
  class space    used 5921K, capacity 6333K, committed 6400K, reserved 1048576K
}
Event: 5.357 GC heap after
{Heap after GC invocations=11 (full 0):
 garbage-first heap   total 157696K, used 29668K [0x0000000080000000, 0x0000000100000000)
  region size 1024K, 3 young (3072K), 3 survivors (3072K)
 Metaspace       used 46128K, capacity 47275K, committed 47516K, reserved 1091584K
  class space    used 5921K, capacity 6333K, committed 6400K, reserved 1048576K
}

